[debug] ----------------------------------------------------------------------
[debug] Command:      /usr/local/Cellar/node/7.4.0/bin/node /usr/local/bin/firebase serve
[debug] CLI Version:  3.5.0
[debug] Platform:     darwin
[debug] Node Version: v7.4.0
[debug] Time:         Thu Mar 23 2017 08:19:24 GMT-0600 (MDT)
[debug] ----------------------------------------------------------------------
[debug] 
[info] Starting Firebase development server...
[info] 
[info] Project Directory: /Users/paulanthonytorres/galvanize/2ndQuarterWork/2ndQuarterGroupProject/FantasticWeatherFrontEnd
[info] Public Directory: public
[info] 
[info] Server listening at: http://localhost:5000
[debug] ----------------------------------------------------------------------
[debug] Command:      /usr/local/Cellar/node/7.4.0/bin/node /usr/local/bin/firebase serve
[debug] CLI Version:  3.2.1
[debug] Platform:     darwin
[debug] Node Version: v7.4.0
[debug] Time:         Wed Mar 22 2017 14:54:43 GMT-0600 (MDT)
[debug] ----------------------------------------------------------------------
[debug] 
[info] Starting Firebase development server...
[info] 
[info] Project Directory: /Users/louis/Galvanize/projects/Q2/weatherFrontend
[info] Public Directory: public
[info] 
[info] Server listening at: http://localhost:5000
[debug] ----------------------------------------------------------------------
[debug] Command:      /usr/local/Cellar/node/7.4.0/bin/node /usr/local/bin/firebase serve
[debug] CLI Version:  3.3.0
[debug] Platform:     darwin
[debug] Node Version: v7.4.0
[debug] Time:         Thu Mar 23 2017 09:44:12 GMT-0600 (MDT)
[debug] ----------------------------------------------------------------------
[debug] 
[info] Starting Firebase development server...
[info] 
[info] Project Directory: /Users/christopherfaison/galvanize/Q2-Project/FRONT-Fantastic-Weather
[info] Public Directory: public
[info] 
[info] Server listening at: http://localhost:5000
